nohup: ignoring input
2019-03-07 05:35:19.102+0000 INFO  ======== Neo4j 3.5.3 ========
2019-03-07 05:35:19.114+0000 INFO  Starting...
2019-03-07 05:35:25.563+0000 INFO  Bolt enabled on 0.0.0.0:2222.
2019-03-07 05:35:27.067+0000 INFO  Started.
2019-03-07 05:35:28.134+0000 INFO  Remote interface available at http://localhost:1111/
2019-03-07 05:35:45.362+0000 WARN  The client is unauthorized due to authentication failure.
2019-03-07 05:35:45.382+0000 WARN  The client is unauthorized due to authentication failure.
2019-03-07 05:35:50.749+0000 WARN  The client is unauthorized due to authentication failure.
2019-03-07 05:37:03.592+0000 WARN  The client is unauthorized due to authentication failure.
2019-03-07 05:37:58.069+0000 WARN  The client is unauthorized due to authentication failure.
2019-03-07 05:38:09.001+0000 WARN  The client is unauthorized due to authentication failure.
2019-03-07 05:43:12.411+0000 WARN  The client is unauthorized due to authentication failure.
2019-03-07 05:44:35.061+0000 WARN  The client is unauthorized due to authentication failure.
2019-03-15 00:14:43.089+0000 WARN  The client is unauthorized due to authentication failure.
2019-03-15 00:14:48.518+0000 INFO  Neo4j Server shutdown initiated by request
2019-03-15 00:14:48.534+0000 INFO  Stopping...
2019-03-15 00:14:48.591+0000 INFO  Stopped.
nohup: ignoring input
2019-03-19 17:44:41.470+0000 INFO  ======== Neo4j 3.5.3 ========
2019-03-19 17:44:41.482+0000 INFO  Starting...
2019-03-19 17:44:47.851+0000 INFO  Bolt enabled on 0.0.0.0:2222.
2019-03-19 17:44:49.366+0000 INFO  Started.
2019-03-19 17:44:50.382+0000 INFO  Remote interface available at http://localhost:1111/
2019-03-19 17:45:08.477+0000 WARN  The client is unauthorized due to authentication failure.
